{"numTotalTestSuites":2,"numPassedTestSuites":2,"numFailedTestSuites":0,"numPendingTestSuites":0,"numTotalTests":5,"numPassedTests":5,"numFailedTests":0,"numPendingTests":0,"numTodoTests":0,"snapshot":{"added":0,"failure":false,"filesAdded":0,"filesRemoved":0,"filesRemovedList":[],"filesUnmatched":0,"filesUpdated":0,"matched":0,"total":0,"unchecked":0,"uncheckedKeysByFile":[],"unmatched":0,"updated":0,"didUpdate":false},"startTime":1789407236281,"success":true,"testResults":[{"assertionResults":[{"ancestorTitles":["Reports"],"fullName":"Reports loads a bounded report with the admin session and tolerates absent arrays","status":"passed","title":"loads a bounded report with the admin session and tolerates absent arrays","duration":3647.0342999999993,"failureMessages":[],"meta":{},"tags":[]},{"ancestorTitles":["Reports"],"fullName":"Reports loads commissions only when ageing is opened","status":"passed","title":"loads commissions only when ageing is opened","duration":925.6594000000041,"failureMessages":[],"meta":{},"tags":[]},{"ancestorTitles":["Reports"],"fullName":"Reports announces a failed report request","status":"passed","title":"announces a failed report request","duration":1158.8368000000046,"failureMessages":[],"meta":{},"tags":[]},{"ancestorTitles":["Reports"],"fullName":"Reports uses neutral tones for the summary report blocks instead of blue accent colours","status":"passed","title":"uses neutral tones for the summary report blocks instead of blue accent colours","duration":843.4190999999992,"failureMessages":[],"meta":{},"tags":[]},{"ancestorTitles":["Reports"],"fullName":"Reports opens the selected staff details","status":"passed","title":"opens the selected staff details","duration":1639.1087000000043,"failureMessages":[],"meta":{},"tags":[]}],"startTime":1789407288040,"endTime":1789407296256.1086,"status":"passed","message":"","name":"C:/Users/SURFACE/ATDS/amana-diagnostics/app/[slug]/admin/reports/ReportsScreen.test.tsx"}]}